2018-09-04 15:16:50.121  INFO 15177 --- [main] com.recnav.Application                   : Starting Application on manoolia-HP-EliteBook-8560w with PID 15177 (/home/manoolia/code/java/recnavspring/target/classes started by manoolia in /home/manoolia/code/java/recnavspring)
2018-09-04 15:16:50.151  INFO 15177 --- [main] com.recnav.Application                   : No active profile set, falling back to default profiles: default
2018-09-04 15:16:50.385  INFO 15177 --- [main] ConfigServletWebServerApplicationContext : Refreshing org.springframework.boot.web.servlet.context.AnnotationConfigServletWebServerApplicationContext@42b02722: startup date [Tue Sep 04 15:16:50 CEST 2018]; root of context hierarchy
2018-09-04 15:16:53.575  INFO 15177 --- [main] o.s.b.w.embedded.tomcat.TomcatWebServer  : Tomcat initialized with port(s): 8080 (http)
2018-09-04 15:16:53.601  INFO 15177 --- [main] o.apache.catalina.core.StandardService   : Starting service [Tomcat]
2018-09-04 15:16:53.601  INFO 15177 --- [main] org.apache.catalina.core.StandardEngine  : Starting Servlet Engine: Apache Tomcat/8.5.28
2018-09-04 15:16:53.608  INFO 15177 --- [localhost-startStop-1] o.a.catalina.core.AprLifecycleListener   : The APR based Apache Tomcat Native library which allows optimal performance in production environments was not found on the java.library.path: [/usr/java/packages/lib:/usr/lib64:/lib64:/lib:/usr/lib]
2018-09-04 15:16:53.746  INFO 15177 --- [localhost-startStop-1] o.a.c.c.C.[Tomcat].[localhost].[/]       : Initializing Spring embedded WebApplicationContext
2018-09-04 15:16:53.746  INFO 15177 --- [localhost-startStop-1] o.s.web.context.ContextLoader            : Root WebApplicationContext: initialization completed in 3361 ms
2018-09-04 15:16:53.872  INFO 15177 --- [localhost-startStop-1] o.s.b.w.servlet.ServletRegistrationBean  : Servlet dispatcherServlet mapped to [/]
2018-09-04 15:16:53.878  INFO 15177 --- [localhost-startStop-1] o.s.b.w.servlet.FilterRegistrationBean   : Mapping filter: 'characterEncodingFilter' to: [/*]
2018-09-04 15:16:54.200  INFO 15177 --- [main] org.hibernate.Version                    : HHH000412: Hibernate Core {5.2.16.Final}
2018-09-04 15:16:54.203  INFO 15177 --- [main] org.hibernate.cfg.Environment            : HHH000206: hibernate.properties not found
2018-09-04 15:16:54.254  INFO 15177 --- [main] o.hibernate.annotations.common.Version   : HCANN000001: Hibernate Commons Annotations {5.0.1.Final}
2018-09-04 15:16:54.603  INFO 15177 --- [main] org.hibernate.dialect.Dialect            : HHH000400: Using dialect: org.hibernate.dialect.MySQL55Dialect
2018-09-04 15:16:55.833  INFO 15177 --- [main] o.s.o.h.HibernateTransactionManager      : Using DataSource [org.apache.tomcat.dbcp.dbcp2.BasicDataSource@36480b2d] of Hibernate SessionFactory for HibernateTransactionManager
2018-09-04 15:16:55.917  INFO 15177 --- [main] s.w.s.m.m.a.RequestMappingHandlerMapping : Mapped "{[/api/newApp],methods=[POST],produces=[application/json]}" onto public com.recnav.app.ResponseModels.Response com.recnav.app.Controllers.ApiControllerImplementation.addNewApp()
2018-09-04 15:16:55.920  INFO 15177 --- [main] s.w.s.m.m.a.RequestMappingHandlerMapping : Mapped "{[/api/addArticlesGroup],methods=[POST],produces=[application/json]}" onto public com.recnav.app.ResponseModels.Response com.recnav.app.Controllers.ApiControllerImplementation.addArticles(java.util.List<com.recnav.app.models.Articles>)
2018-09-04 15:16:55.921  INFO 15177 --- [main] s.w.s.m.m.a.RequestMappingHandlerMapping : Mapped "{[/api/registerUser],methods=[POST],produces=[application/json]}" onto public com.recnav.app.ResponseModels.Response com.recnav.app.Controllers.ApiControllerImplementation.registerUser(java.util.List<com.recnav.app.models.Users>)
2018-09-04 15:16:55.921  INFO 15177 --- [main] s.w.s.m.m.a.RequestMappingHandlerMapping : Mapped "{[/api/recordClick],methods=[POST],produces=[application/json]}" onto public com.recnav.app.ResponseModels.Response com.recnav.app.Controllers.ApiControllerImplementation.recordClick(com.recnav.app.models.RequestModels.UserClickRequest)
2018-09-04 15:16:55.921  INFO 15177 --- [main] s.w.s.m.m.a.RequestMappingHandlerMapping : Mapped "{[/api/generateSimilarItems],methods=[POST],consumes=[application/x-www-form-urlencoded],produces=[application/json]}" onto public com.recnav.app.ResponseModels.Response com.recnav.app.Controllers.ApiControllerImplementation.getNearestCategories(java.lang.String)
2018-09-04 15:16:55.922  INFO 15177 --- [main] s.w.s.m.m.a.RequestMappingHandlerMapping : Mapped "{[/api/getCountryDistributions],methods=[POST],consumes=[application/x-www-form-urlencoded],produces=[application/json]}" onto public com.recnav.app.ResponseModels.Response com.recnav.app.Controllers.ApiControllerImplementation.getCountryDistributions()
2018-09-04 15:16:55.922  INFO 15177 --- [main] s.w.s.m.m.a.RequestMappingHandlerMapping : Mapped "{[/api/getRecommendations],methods=[POST],consumes=[application/x-www-form-urlencoded],produces=[application/json]}" onto public com.recnav.app.ResponseModels.Response com.recnav.app.Controllers.ApiControllerImplementation.getRecommendations(java.lang.String)
2018-09-04 15:16:55.922  INFO 15177 --- [main] s.w.s.m.m.a.RequestMappingHandlerMapping : Mapped "{[/api/runCollaborativeFiltering],methods=[GET],consumes=[application/x-www-form-urlencoded],produces=[application/json]}" onto public com.recnav.app.ResponseModels.Response com.recnav.app.Controllers.ApiControllerImplementation.runCollaborativeFiltering()
2018-09-04 15:16:55.922  INFO 15177 --- [main] s.w.s.m.m.a.RequestMappingHandlerMapping : Mapped "{[/api/runContentBased],methods=[GET],consumes=[application/x-www-form-urlencoded],produces=[application/json]}" onto public com.recnav.app.ResponseModels.Response com.recnav.app.Controllers.ApiControllerImplementation.runContentBased()
2018-09-04 15:16:55.923  INFO 15177 --- [main] s.w.s.m.m.a.RequestMappingHandlerMapping : Mapped "{[/auth/login],methods=[POST]}" onto public abstract com.recnav.app.ResponseModels.Response com.recnav.app.routes.AuthController.login(java.lang.String,java.lang.String)
2018-09-04 15:16:55.932  INFO 15177 --- [main] s.w.s.m.m.a.RequestMappingHandlerMapping : Mapped "{[/error],produces=[text/html]}" onto public org.springframework.web.servlet.ModelAndView org.springframework.boot.autoconfigure.web.servlet.error.BasicErrorController.errorHtml(javax.servlet.http.HttpServletRequest,javax.servlet.http.HttpServletResponse)
2018-09-04 15:16:55.933  INFO 15177 --- [main] s.w.s.m.m.a.RequestMappingHandlerMapping : Mapped "{[/error]}" onto public org.springframework.http.ResponseEntity<java.util.Map<java.lang.String, java.lang.Object>> org.springframework.boot.autoconfigure.web.servlet.error.BasicErrorController.error(javax.servlet.http.HttpServletRequest)
2018-09-04 15:16:56.007  INFO 15177 --- [main] s.w.s.m.m.a.RequestMappingHandlerAdapter : Looking for @ControllerAdvice: org.springframework.boot.web.servlet.context.AnnotationConfigServletWebServerApplicationContext@42b02722: startup date [Tue Sep 04 15:16:50 GMT+02:00 2018]; root of context hierarchy
2018-09-04 15:16:56.569  INFO 15177 --- [main] o.s.j.e.a.AnnotationMBeanExporter        : Registering beans for JMX exposure on startup
2018-09-04 15:16:56.571  INFO 15177 --- [main] o.s.j.e.a.AnnotationMBeanExporter        : Bean with name 'dataSource' has been autodetected for JMX exposure
2018-09-04 15:16:56.580  INFO 15177 --- [main] o.s.j.e.a.AnnotationMBeanExporter        : Located MBean 'dataSource': registering with JMX server as MBean [org.apache.tomcat.dbcp.dbcp2:name=dataSource,type=BasicDataSource]
2018-09-04 15:16:56.595  INFO 15177 --- [main] o.s.s.c.ThreadPoolTaskScheduler          : Initializing ExecutorService 
2018-09-04 15:16:56.634  INFO 15177 --- [main] o.s.b.w.embedded.tomcat.TomcatWebServer  : Tomcat started on port(s): 8080 (http) with context path ''
2018-09-04 15:16:56.643  INFO 15177 --- [main] com.recnav.Application                   : Started Application in 7.589 seconds (JVM running for 9.762)
2018-09-04 15:17:00.166  INFO 15177 --- [custom-my-scheduled-task-pool-1] o.h.h.i.QueryTranslatorFactoryInitiator  : HHH000397: Using ASTQueryTranslatorFactory
2018-09-04 15:17:08.347  INFO 15177 --- [http-nio-8080-exec-1] o.a.c.c.C.[Tomcat].[localhost].[/]       : Initializing Spring FrameworkServlet 'dispatcherServlet'
2018-09-04 15:17:08.348  INFO 15177 --- [http-nio-8080-exec-1] o.s.web.servlet.DispatcherServlet        : FrameworkServlet 'dispatcherServlet': initialization started
2018-09-04 15:17:08.370  INFO 15177 --- [http-nio-8080-exec-1] o.s.web.servlet.DispatcherServlet        : FrameworkServlet 'dispatcherServlet': initialization completed in 21 ms
2018-09-04 16:55:05.296  INFO 15177 --- [Thread-2] ConfigServletWebServerApplicationContext : Closing org.springframework.boot.web.servlet.context.AnnotationConfigServletWebServerApplicationContext@42b02722: startup date [Tue Sep 04 15:16:50 GMT+02:00 2018]; root of context hierarchy
2018-09-04 16:55:05.300  INFO 15177 --- [Thread-2] o.s.j.e.a.AnnotationMBeanExporter        : Unregistering JMX-exposed beans on shutdown
2018-09-04 16:55:05.302  INFO 15177 --- [Thread-2] o.s.j.e.a.AnnotationMBeanExporter        : Unregistering JMX-exposed beans
