2018-04-20 12:44:11.553 DEBUG 23347 --- [background-preinit] .h.v.m.ResourceBundleMessageInterpolator : Loaded expression factory via original TCCL
2018-04-20 12:44:11.560 DEBUG 23347 --- [background-preinit] o.h.v.i.engine.ValidatorFactoryImpl      : HV000234: Using org.hibernate.validator.messageinterpolation.ResourceBundleMessageInterpolator as ValidatorFactory-scoped message interpolator.
2018-04-20 12:44:11.560 DEBUG 23347 --- [background-preinit] o.h.v.i.engine.ValidatorFactoryImpl      : HV000234: Using org.hibernate.validator.internal.engine.resolver.TraverseAllTraversableResolver as ValidatorFactory-scoped traversable resolver.
2018-04-20 12:44:11.561 DEBUG 23347 --- [background-preinit] o.h.v.i.engine.ValidatorFactoryImpl      : HV000234: Using org.hibernate.validator.internal.util.ExecutableParameterNameProvider as ValidatorFactory-scoped parameter name provider.
2018-04-20 12:44:11.561 DEBUG 23347 --- [background-preinit] o.h.v.i.engine.ValidatorFactoryImpl      : HV000234: Using org.hibernate.validator.internal.engine.DefaultClockProvider as ValidatorFactory-scoped clock provider.
2018-04-20 12:44:11.561 DEBUG 23347 --- [background-preinit] o.h.v.i.engine.ValidatorFactoryImpl      : HV000234: Using org.hibernate.validator.internal.engine.scripting.DefaultScriptEvaluatorFactory as ValidatorFactory-scoped script evaluator factory.
2018-04-20 12:44:11.736  INFO 23347 --- [main] com.recnav.Application               : Starting Application on eno-HP-EliteBook-8560w with PID 23347 (/home/eno/code/JavaEE/recnavSpring/target/classes started by eno in /home/eno/code/JavaEE/recnavSpring)
2018-04-20 12:44:11.738  INFO 23347 --- [main] com.recnav.Application               : No active profile set, falling back to default profiles: default
2018-04-20 12:44:11.892  INFO 23347 --- [main] ConfigServletWebServerApplicationContext : Refreshing org.springframework.boot.web.servlet.context.AnnotationConfigServletWebServerApplicationContext@335b5620: startup date [Fri Apr 20 12:44:11 CEST 2018]; root of context hierarchy
2018-04-20 12:44:13.010 DEBUG 23347 --- [main] o.h.v.i.e.resolver.TraversableResolvers  : Found javax.persistence.Persistence on classpath containing 'getPersistenceUtil'. Assuming JPA 2 environment. Trying to instantiate JPA aware TraversableResolver
2018-04-20 12:44:13.011 DEBUG 23347 --- [main] o.h.v.i.e.resolver.TraversableResolvers  : Instantiated JPA aware TraversableResolver of type org.hibernate.validator.internal.engine.resolver.JPATraversableResolver.
2018-04-20 12:44:13.011 DEBUG 23347 --- [main] o.h.v.i.e.resolver.TraversableResolvers  : Unable to load or instantiate JPA aware resolver org.hibernate.validator.internal.engine.resolver.JPATraversableResolver. All properties will per default be traversable.
2018-04-20 12:44:13.011 DEBUG 23347 --- [main] .h.v.m.ResourceBundleMessageInterpolator : Loaded expression factory via original TCCL
2018-04-20 12:44:13.012 DEBUG 23347 --- [main] o.h.v.i.e.resolver.TraversableResolvers  : Found javax.persistence.Persistence on classpath containing 'getPersistenceUtil'. Assuming JPA 2 environment. Trying to instantiate JPA aware TraversableResolver
2018-04-20 12:44:13.012 DEBUG 23347 --- [main] o.h.v.i.e.resolver.TraversableResolvers  : Instantiated JPA aware TraversableResolver of type org.hibernate.validator.internal.engine.resolver.JPATraversableResolver.
2018-04-20 12:44:13.012 DEBUG 23347 --- [main] o.h.v.i.e.resolver.TraversableResolvers  : Unable to load or instantiate JPA aware resolver org.hibernate.validator.internal.engine.resolver.JPATraversableResolver. All properties will per default be traversable.
2018-04-20 12:44:13.013 DEBUG 23347 --- [main] o.h.v.internal.engine.ConfigurationImpl  : Setting custom MessageInterpolator of type org.springframework.validation.beanvalidation.LocaleContextMessageInterpolator
2018-04-20 12:44:13.014 DEBUG 23347 --- [main] o.h.v.internal.engine.ConfigurationImpl  : Setting custom ConstraintValidatorFactory of type org.springframework.validation.beanvalidation.SpringConstraintValidatorFactory
2018-04-20 12:44:13.014 DEBUG 23347 --- [main] o.h.v.internal.engine.ConfigurationImpl  : Setting custom ParameterNameProvider of type org.springframework.validation.beanvalidation.LocalValidatorFactoryBean$1
2018-04-20 12:44:13.015 DEBUG 23347 --- [main] o.h.v.internal.xml.ValidationXmlParser   : Trying to load META-INF/validation.xml for XML based Validator configuration.
2018-04-20 12:44:13.016 DEBUG 23347 --- [main] o.h.v.internal.xml.ResourceLoaderHelper  : Trying to load META-INF/validation.xml via user class loader
2018-04-20 12:44:13.016 DEBUG 23347 --- [main] o.h.v.internal.xml.ResourceLoaderHelper  : Trying to load META-INF/validation.xml via TCCL
2018-04-20 12:44:13.016 DEBUG 23347 --- [main] o.h.v.internal.xml.ResourceLoaderHelper  : Trying to load META-INF/validation.xml via Hibernate Validator's class loader
2018-04-20 12:44:13.016 DEBUG 23347 --- [main] o.h.v.internal.xml.ValidationXmlParser   : No META-INF/validation.xml found. Using annotation based configuration only.
2018-04-20 12:44:13.021 DEBUG 23347 --- [main] o.h.v.i.engine.ValidatorFactoryImpl      : HV000234: Using org.springframework.validation.beanvalidation.LocaleContextMessageInterpolator as ValidatorFactory-scoped message interpolator.
2018-04-20 12:44:13.021 DEBUG 23347 --- [main] o.h.v.i.engine.ValidatorFactoryImpl      : HV000234: Using org.hibernate.validator.internal.engine.resolver.TraverseAllTraversableResolver as ValidatorFactory-scoped traversable resolver.
2018-04-20 12:44:13.021 DEBUG 23347 --- [main] o.h.v.i.engine.ValidatorFactoryImpl      : HV000234: Using org.hibernate.validator.internal.util.ExecutableParameterNameProvider as ValidatorFactory-scoped parameter name provider.
2018-04-20 12:44:13.021 DEBUG 23347 --- [main] o.h.v.i.engine.ValidatorFactoryImpl      : HV000234: Using org.hibernate.validator.internal.engine.DefaultClockProvider as ValidatorFactory-scoped clock provider.
2018-04-20 12:44:13.021 DEBUG 23347 --- [main] o.h.v.i.engine.ValidatorFactoryImpl      : HV000234: Using org.hibernate.validator.internal.engine.scripting.DefaultScriptEvaluatorFactory as ValidatorFactory-scoped script evaluator factory.
2018-04-20 12:44:13.306  INFO 23347 --- [main] o.s.b.w.embedded.tomcat.TomcatWebServer  : Tomcat initialized with port(s): 8080 (http)
2018-04-20 12:44:13.331  INFO 23347 --- [main] o.apache.catalina.core.StandardService   : Starting service [Tomcat]
2018-04-20 12:44:13.331  INFO 23347 --- [main] org.apache.catalina.core.StandardEngine  : Starting Servlet Engine: Apache Tomcat/8.5.28
2018-04-20 12:44:13.336  INFO 23347 --- [localhost-startStop-1] o.a.catalina.core.AprLifecycleListener   : The APR based Apache Tomcat Native library which allows optimal performance in production environments was not found on the java.library.path: [/usr/java/packages/lib:/usr/lib64:/lib64:/lib:/usr/lib]
2018-04-20 12:44:13.428  INFO 23347 --- [localhost-startStop-1] o.a.c.c.C.[Tomcat].[localhost].[/]       : Initializing Spring embedded WebApplicationContext
2018-04-20 12:44:13.507  INFO 23347 --- [localhost-startStop-1] o.s.b.w.servlet.ServletRegistrationBean  : Servlet dispatcherServlet mapped to [/]
2018-04-20 12:44:13.512  INFO 23347 --- [localhost-startStop-1] o.s.b.w.servlet.FilterRegistrationBean   : Mapping filter: 'characterEncodingFilter' to: [/*]
2018-04-20 12:44:13.753 DEBUG 23347 --- [main] o.h.v.i.e.resolver.TraversableResolvers  : Found javax.persistence.Persistence on classpath containing 'getPersistenceUtil'. Assuming JPA 2 environment. Trying to instantiate JPA aware TraversableResolver
2018-04-20 12:44:13.753 DEBUG 23347 --- [main] o.h.v.i.e.resolver.TraversableResolvers  : Instantiated JPA aware TraversableResolver of type org.hibernate.validator.internal.engine.resolver.JPATraversableResolver.
2018-04-20 12:44:13.753 DEBUG 23347 --- [main] o.h.v.i.e.resolver.TraversableResolvers  : Unable to load or instantiate JPA aware resolver org.hibernate.validator.internal.engine.resolver.JPATraversableResolver. All properties will per default be traversable.
2018-04-20 12:44:13.754 DEBUG 23347 --- [main] .h.v.m.ResourceBundleMessageInterpolator : Loaded expression factory via original TCCL
2018-04-20 12:44:13.755 DEBUG 23347 --- [main] o.h.v.internal.engine.ConfigurationImpl  : Setting custom MessageInterpolator of type org.springframework.validation.beanvalidation.LocaleContextMessageInterpolator
2018-04-20 12:44:13.755 DEBUG 23347 --- [main] o.h.v.internal.engine.ConfigurationImpl  : Setting custom ConstraintValidatorFactory of type org.springframework.validation.beanvalidation.SpringConstraintValidatorFactory
2018-04-20 12:44:13.755 DEBUG 23347 --- [main] o.h.v.internal.engine.ConfigurationImpl  : Setting custom ParameterNameProvider of type org.springframework.validation.beanvalidation.LocalValidatorFactoryBean$1
2018-04-20 12:44:13.756 DEBUG 23347 --- [main] o.h.v.internal.xml.ValidationXmlParser   : Trying to load META-INF/validation.xml for XML based Validator configuration.
2018-04-20 12:44:13.756 DEBUG 23347 --- [main] o.h.v.internal.xml.ResourceLoaderHelper  : Trying to load META-INF/validation.xml via user class loader
2018-04-20 12:44:13.756 DEBUG 23347 --- [main] o.h.v.internal.xml.ResourceLoaderHelper  : Trying to load META-INF/validation.xml via TCCL
2018-04-20 12:44:13.757 DEBUG 23347 --- [main] o.h.v.internal.xml.ResourceLoaderHelper  : Trying to load META-INF/validation.xml via Hibernate Validator's class loader
2018-04-20 12:44:13.757 DEBUG 23347 --- [main] o.h.v.internal.xml.ValidationXmlParser   : No META-INF/validation.xml found. Using annotation based configuration only.
2018-04-20 12:44:13.761 DEBUG 23347 --- [main] o.h.v.i.engine.ValidatorFactoryImpl      : HV000234: Using org.springframework.validation.beanvalidation.LocaleContextMessageInterpolator as ValidatorFactory-scoped message interpolator.
2018-04-20 12:44:13.761 DEBUG 23347 --- [main] o.h.v.i.engine.ValidatorFactoryImpl      : HV000234: Using org.hibernate.validator.internal.engine.resolver.TraverseAllTraversableResolver as ValidatorFactory-scoped traversable resolver.
2018-04-20 12:44:13.761 DEBUG 23347 --- [main] o.h.v.i.engine.ValidatorFactoryImpl      : HV000234: Using org.hibernate.validator.internal.util.ExecutableParameterNameProvider as ValidatorFactory-scoped parameter name provider.
2018-04-20 12:44:13.761 DEBUG 23347 --- [main] o.h.v.i.engine.ValidatorFactoryImpl      : HV000234: Using org.hibernate.validator.internal.engine.DefaultClockProvider as ValidatorFactory-scoped clock provider.
2018-04-20 12:44:13.761 DEBUG 23347 --- [main] o.h.v.i.engine.ValidatorFactoryImpl      : HV000234: Using org.hibernate.validator.internal.engine.scripting.DefaultScriptEvaluatorFactory as ValidatorFactory-scoped script evaluator factory.
2018-04-20 12:44:13.905 DEBUG 23347 --- [main] o.h.v.i.e.resolver.TraversableResolvers  : Found javax.persistence.Persistence on classpath containing 'getPersistenceUtil'. Assuming JPA 2 environment. Trying to instantiate JPA aware TraversableResolver
2018-04-20 12:44:13.906 DEBUG 23347 --- [main] o.h.v.i.e.resolver.TraversableResolvers  : Instantiated JPA aware TraversableResolver of type org.hibernate.validator.internal.engine.resolver.JPATraversableResolver.
2018-04-20 12:44:13.906 DEBUG 23347 --- [main] o.h.v.i.e.resolver.TraversableResolvers  : Unable to load or instantiate JPA aware resolver org.hibernate.validator.internal.engine.resolver.JPATraversableResolver. All properties will per default be traversable.
2018-04-20 12:44:13.906 DEBUG 23347 --- [main] .h.v.m.ResourceBundleMessageInterpolator : Loaded expression factory via original TCCL
2018-04-20 12:44:13.910 DEBUG 23347 --- [main] o.h.v.i.e.resolver.TraversableResolvers  : Found javax.persistence.Persistence on classpath containing 'getPersistenceUtil'. Assuming JPA 2 environment. Trying to instantiate JPA aware TraversableResolver
2018-04-20 12:44:13.910 DEBUG 23347 --- [main] o.h.v.i.e.resolver.TraversableResolvers  : Instantiated JPA aware TraversableResolver of type org.hibernate.validator.internal.engine.resolver.JPATraversableResolver.
2018-04-20 12:44:13.910 DEBUG 23347 --- [main] o.h.v.i.e.resolver.TraversableResolvers  : Unable to load or instantiate JPA aware resolver org.hibernate.validator.internal.engine.resolver.JPATraversableResolver. All properties will per default be traversable.
2018-04-20 12:44:13.911 DEBUG 23347 --- [main] o.h.v.internal.engine.ConfigurationImpl  : Setting custom MessageInterpolator of type org.springframework.validation.beanvalidation.LocaleContextMessageInterpolator
2018-04-20 12:44:13.911 DEBUG 23347 --- [main] o.h.v.internal.engine.ConfigurationImpl  : Setting custom ConstraintValidatorFactory of type org.springframework.validation.beanvalidation.SpringConstraintValidatorFactory
2018-04-20 12:44:13.911 DEBUG 23347 --- [main] o.h.v.internal.engine.ConfigurationImpl  : Setting custom ParameterNameProvider of type org.springframework.validation.beanvalidation.LocalValidatorFactoryBean$1
2018-04-20 12:44:13.911 DEBUG 23347 --- [main] o.h.v.internal.xml.ValidationXmlParser   : Trying to load META-INF/validation.xml for XML based Validator configuration.
2018-04-20 12:44:13.912 DEBUG 23347 --- [main] o.h.v.internal.xml.ResourceLoaderHelper  : Trying to load META-INF/validation.xml via user class loader
2018-04-20 12:44:13.912 DEBUG 23347 --- [main] o.h.v.internal.xml.ResourceLoaderHelper  : Trying to load META-INF/validation.xml via TCCL
2018-04-20 12:44:13.912 DEBUG 23347 --- [main] o.h.v.internal.xml.ResourceLoaderHelper  : Trying to load META-INF/validation.xml via Hibernate Validator's class loader
2018-04-20 12:44:13.913 DEBUG 23347 --- [main] o.h.v.internal.xml.ValidationXmlParser   : No META-INF/validation.xml found. Using annotation based configuration only.
2018-04-20 12:44:13.916 DEBUG 23347 --- [main] o.h.v.i.engine.ValidatorFactoryImpl      : HV000234: Using org.springframework.validation.beanvalidation.LocaleContextMessageInterpolator as ValidatorFactory-scoped message interpolator.
2018-04-20 12:44:13.916 DEBUG 23347 --- [main] o.h.v.i.engine.ValidatorFactoryImpl      : HV000234: Using org.hibernate.validator.internal.engine.resolver.TraverseAllTraversableResolver as ValidatorFactory-scoped traversable resolver.
2018-04-20 12:44:13.916 DEBUG 23347 --- [main] o.h.v.i.engine.ValidatorFactoryImpl      : HV000234: Using org.hibernate.validator.internal.util.ExecutableParameterNameProvider as ValidatorFactory-scoped parameter name provider.
2018-04-20 12:44:13.916 DEBUG 23347 --- [main] o.h.v.i.engine.ValidatorFactoryImpl      : HV000234: Using org.hibernate.validator.internal.engine.DefaultClockProvider as ValidatorFactory-scoped clock provider.
2018-04-20 12:44:13.916 DEBUG 23347 --- [main] o.h.v.i.engine.ValidatorFactoryImpl      : HV000234: Using org.hibernate.validator.internal.engine.scripting.DefaultScriptEvaluatorFactory as ValidatorFactory-scoped script evaluator factory.
2018-04-20 12:44:14.128  INFO 23347 --- [main] o.s.j.e.a.AnnotationMBeanExporter        : Registering beans for JMX exposure on startup
2018-04-20 12:44:14.177  INFO 23347 --- [main] o.s.b.w.embedded.tomcat.TomcatWebServer  : Tomcat started on port(s): 8080 (http) with context path ''
2018-04-20 12:44:14.182  INFO 23347 --- [main] com.recnav.Application               : Started Application in 3.103 seconds (JVM running for 4.356)
2018-04-20 12:44:26.686  INFO 23347 --- [Thread-2] ConfigServletWebServerApplicationContext : Closing org.springframework.boot.web.servlet.context.AnnotationConfigServletWebServerApplicationContext@335b5620: startup date [Fri Apr 20 12:44:11 CEST 2018]; root of context hierarchy
2018-04-20 12:44:26.690  INFO 23347 --- [Thread-2] o.s.j.e.a.AnnotationMBeanExporter        : Unregistering JMX-exposed beans on shutdown
